{
  "0 debug pnpm:scope": {
    "selected": 1
  },
  "1 error pnpm": {
    "errno": 1,
    "code": "ELIFECYCLE",
    "pkgid": "vite-demo@1.0.0",
    "stage": "dev",
    "script": "vite",
    "pkgname": "vite-demo",
    "err": {
      "name": "pnpm",
      "message": "vite-demo@1.0.0 dev: `vite`\nExit status 1",
      "code": "ELIFECYCLE",
      "stack": "pnpm: vite-demo@1.0.0 dev: `vite`\nExit status 1\n    at EventEmitter.<anonymous> (/Users/fuzhiqiang/.nvm/versions/node/v16.14.2/lib/node_modules/pnpm/dist/pnpm.cjs:105724:20)\n    at EventEmitter.emit (node:events:526:28)\n    at ChildProcess.<anonymous> (/Users/fuzhiqiang/.nvm/versions/node/v16.14.2/lib/node_modules/pnpm/dist/pnpm.cjs:92285:18)\n    at ChildProcess.emit (node:events:526:28)\n    at maybeClose (node:internal/child_process:1092:16)\n    at Process.ChildProcess._handle.onexit (node:internal/child_process:302:5)"
    }
  },
  "2 warn pnpm:global": " Local package.json exists, but node_modules missing, did you mean to install?"
}